  Application.cpp
d:\code\games\conceptgame001\gameengine\display.h(10): warning C4244: 'initializing': conversion from 'float' to 'const uint16_t', possible loss of data
d:\code\games\conceptgame001\gameengine\util.h(15): warning C4244: 'argument': conversion from 'time_t' to 'unsigned int', possible loss of data
d:\code\games\conceptgame001\gameengine\util.h(24): warning C4244: 'argument': conversion from 'time_t' to 'unsigned int', possible loss of data
d:\code\games\conceptgame001\gameengine\util.h(30): warning C4244: 'return': conversion from 'float' to 'int', possible loss of data
  Generating Code...
  Compiling...
  PhysicsEngine.cpp
d:\code\games\conceptgame001\gameengine\display.h(10): warning C4244: 'initializing': conversion from 'float' to 'const uint16_t', possible loss of data
d:\code\games\conceptgame001\gameengine\physicsengine.cpp(174): warning C4018: '<': signed/unsigned mismatch
d:\code\games\conceptgame001\gameengine\physicsengine.cpp(180): warning C4018: '<': signed/unsigned mismatch
d:\code\games\conceptgame001\gameengine\physicsengine.cpp(243): warning C4244: 'initializing': conversion from 'int' to 'float', possible loss of data
d:\code\games\conceptgame001\gameengine\physicsengine.cpp(255): warning C4244: 'initializing': conversion from 'int' to 'float', possible loss of data
  Generating Code...
winmm.lib(WINMM.dll) : warning LNK4006: __NULL_IMPORT_DESCRIPTOR already defined in opengl32.lib(OPENGL32.dll); second definition ignored
winmm.lib(WINMM.dll) : warning LNK4221: This object file does not define any previously undefined public symbols, so it will not be used by any link operation that consumes this library
gdi32.lib(GDI32.dll) : warning LNK4006: __NULL_IMPORT_DESCRIPTOR already defined in opengl32.lib(OPENGL32.dll); second definition ignored
gdi32.lib(GDI32.dll) : warning LNK4221: This object file does not define any previously undefined public symbols, so it will not be used by any link operation that consumes this library
openal32.lib(OpenAL32.dll) : warning LNK4006: __NULL_IMPORT_DESCRIPTOR already defined in opengl32.lib(OPENGL32.dll); second definition ignored
openal32.lib(OpenAL32.dll) : warning LNK4221: This object file does not define any previously undefined public symbols, so it will not be used by any link operation that consumes this library
vorbis.lib(vorbisenc.obj) : warning LNK4006: _vorbis_encode_init already defined in vorbisenc.lib(vorbisenc.obj); second definition ignored
vorbis.lib(vorbisenc.obj) : warning LNK4006: _vorbis_encode_setup_managed already defined in vorbisenc.lib(vorbisenc.obj); second definition ignored
vorbis.lib(vorbisenc.obj) : warning LNK4006: _vorbis_encode_setup_vbr already defined in vorbisenc.lib(vorbisenc.obj); second definition ignored
vorbis.lib(vorbisenc.obj) : warning LNK4006: _vorbis_encode_init_vbr already defined in vorbisenc.lib(vorbisenc.obj); second definition ignored
vorbis.lib(vorbisenc.obj) : warning LNK4006: _vorbis_encode_setup_init already defined in vorbisenc.lib(vorbisenc.obj); second definition ignored
vorbis.lib(vorbisenc.obj) : warning LNK4006: _vorbis_encode_ctl already defined in vorbisenc.lib(vorbisenc.obj); second definition ignored
vorbis.lib(vorbisenc.obj) : warning LNK4221: This object file does not define any previously undefined public symbols, so it will not be used by any link operation that consumes this library
ws2_32.lib(WS2_32.dll) : warning LNK4006: __NULL_IMPORT_DESCRIPTOR already defined in opengl32.lib(OPENGL32.dll); second definition ignored
ws2_32.lib(WS2_32.dll) : warning LNK4221: This object file does not define any previously undefined public symbols, so it will not be used by any link operation that consumes this library
  GameEngine.vcxproj -> D:\Code\Games\ConceptGame001\Debug\GameEngine.lib
