d:\code\games\conceptgame001\gameengine\debug\gameengine.pdb
d:\code\games\conceptgame001\gameengine\debug\gameengine.idb
d:\code\games\conceptgame001\gameengine\debug\animation.obj
d:\code\games\conceptgame001\gameengine\debug\animationcontroller.obj
d:\code\games\conceptgame001\gameengine\debug\application.obj
d:\code\games\conceptgame001\gameengine\debug\collider.obj
d:\code\games\conceptgame001\gameengine\debug\display.obj
d:\code\games\conceptgame001\gameengine\debug\gameobject.obj
d:\code\games\conceptgame001\gameengine\debug\gamestatemanager.obj
d:\code\games\conceptgame001\gameengine\debug\input.obj
d:\code\games\conceptgame001\gameengine\debug\physicsengine.obj
d:\code\games\conceptgame001\gameengine\debug\physicslayers.obj
d:\code\games\conceptgame001\gameengine\debug\resourcemanager.obj
d:\code\games\conceptgame001\gameengine\debug\rigidbody.obj
d:\code\games\conceptgame001\debug\gameengine.lib
d:\code\games\conceptgame001\debug\gameengine.pdb
d:\code\games\conceptgame001\gameengine\debug\gameengine.tlog\cl.command.1.tlog
d:\code\games\conceptgame001\gameengine\debug\gameengine.tlog\cl.read.1.tlog
d:\code\games\conceptgame001\gameengine\debug\gameengine.tlog\cl.write.1.tlog
d:\code\games\conceptgame001\gameengine\debug\gameengine.tlog\lib-link.read.1.tlog
d:\code\games\conceptgame001\gameengine\debug\gameengine.tlog\lib-link.write.1.tlog
d:\code\games\conceptgame001\gameengine\debug\gameengine.tlog\lib.command.1.tlog
