d:\code\games\conceptgame001\game\debug\vc141.pdb
d:\code\games\conceptgame001\game\debug\vc141.idb
d:\code\games\conceptgame001\game\debug\basicenemy.obj
d:\code\games\conceptgame001\game\debug\chainedprojectile.obj
d:\code\games\conceptgame001\game\debug\cubeobject.obj
d:\code\games\conceptgame001\game\debug\enemymanager.obj
d:\code\games\conceptgame001\game\debug\trail.obj
d:\code\games\conceptgame001\game\debug\pausestate.obj
d:\code\games\conceptgame001\game\debug\projectile.obj
d:\code\games\conceptgame001\game\debug\rangedenemy.obj
d:\code\games\conceptgame001\game\debug\source.obj
d:\code\games\conceptgame001\game\debug\texturedcubeobject.obj
d:\code\games\conceptgame001\game\debug\maincharacter.obj
d:\code\games\conceptgame001\game\debug\playingstate.obj
d:\code\games\conceptgame001\game\debug\basicmap.obj
d:\code\games\conceptgame001\debug\game.exe
d:\code\games\conceptgame001\debug\game.ilk
d:\code\games\conceptgame001\debug\game.pdb
d:\code\games\conceptgame001\game\debug\game.tlog\cl.command.1.tlog
d:\code\games\conceptgame001\game\debug\game.tlog\cl.read.1.tlog
d:\code\games\conceptgame001\game\debug\game.tlog\cl.write.1.tlog
d:\code\games\conceptgame001\game\debug\game.tlog\link.command.1.tlog
d:\code\games\conceptgame001\game\debug\game.tlog\link.read.1.tlog
d:\code\games\conceptgame001\game\debug\game.tlog\link.write.1.tlog
